<?xml version="1.0" encoding="UTF-8"?>
<testng-results ignored="0" total="1" passed="1" failed="0" skipped="0">
  <reporter-output>
  </reporter-output>
  <suite started-at="2021-03-28T14:55:02 PDT" name="Default suite" finished-at="2021-03-28T14:55:03 PDT" duration-ms="1549">
    <groups>
    </groups>
    <test started-at="2021-03-28T14:55:02 PDT" name="Default test" finished-at="2021-03-28T14:55:03 PDT" duration-ms="1549">
      <class name="api_testing_example.SumValidation">
        <test-method signature="sumOfCourses()[pri:0, instance:api_testing_example.SumValidation@6f3b5d16]" started-at="2021-03-28T14:55:02 PDT" name="sumOfCourses" finished-at="2021-03-28T14:55:03 PDT" duration-ms="1474" status="PASS">
          <reporter-output>
          </reporter-output>
        </test-method> <!-- sumOfCourses -->
      </class> <!-- api_testing_example.SumValidation -->
    </test> <!-- Default test -->
  </suite> <!-- Default suite -->
</testng-results>
